Tue Apr 19 18:45:54 AST 2022 : Servidor de red Apache Derby: Se ha iniciado 10.14.2.0 - (1828579) y está listo para aceptar las conexiones en el puerto 1527
----------------------------------------------------------------
Tue Apr 19 18:45:54 AST 2022:
 Iniciando instancia a816c00e-0180-4400-f202-ffffa427118f de Derby, versión The Apache Software Foundation - Apache Derby - 10.14.2.0 - (1828579): 
en el directorio de base de datos D:\CODIGO\Pc\Java\SkyBlue\javaDb\SkyBlueDB con el cargador de clases jdk.internal.loader.ClassLoaders$AppClassLoader@73d16e93
Cargado desde file:/C:/Program%20Files/NetBeans-13/netbeans/glassfish5/javadb/lib/derby.jar
java.vendor=Oracle Corporation
java.runtime.version=17.0.2+8-LTS-86
user.dir=C:\Program Files\NetBeans-13\netbeans\glassfish5\javadb
os.name=Windows 11
os.arch=amd64
os.version=10.0
derby.system.home=D:\CODIGO\Pc\Java\SkyBlue\javaDb
Cargador de clases de base de datos iniciado - derby.database.classpath=''
----------------------------------------------------------------
Tue Apr 19 20:16:26 AST 2022:
 Iniciando instancia c0f7802d-0180-4400-f202-ffffa427118f de Derby, versión The Apache Software Foundation - Apache Derby - 10.14.2.0 - (1828579): 
en el directorio de base de datos D:\CODIGO\Pc\Java\SkyBlue\javaDb\sample con el cargador de clases jdk.internal.loader.ClassLoaders$AppClassLoader@73d16e93
Cargado desde file:/C:/Program%20Files/NetBeans-13/netbeans/glassfish5/javadb/lib/derby.jar
java.vendor=Oracle Corporation
java.runtime.version=17.0.2+8-LTS-86
user.dir=C:\Program Files\NetBeans-13\netbeans\glassfish5\javadb
os.name=Windows 11
os.arch=amd64
os.version=10.0
derby.system.home=D:\CODIGO\Pc\Java\SkyBlue\javaDb
Cargador de clases de base de datos iniciado - derby.database.classpath=''
----------------------------------------------------------------
Tue Apr 19 22:03:09 AST 2022: cerrando motor de Derby
----------------------------------------------------------------
Tue Apr 19 22:03:10 AST 2022:
Cerrando la instancia c0f7802d-0180-4400-f202-ffffa427118f en el directorio de base de datos D:\CODIGO\Pc\Java\SkyBlue\javaDb\sample con cargador de clases jdk.internal.loader.ClassLoaders$AppClassLoader@73d16e93
